  Building Custom Rule F:/Hex_dominant_meshing/robust_hex_dominant_meshing/ext/tbb/CMakeLists.txt
  CMake does not need to re-run because F:/Hex_dominant_meshing/robust_hex_dominant_meshing/build/ext_build/tbb/CMakeFiles/generate.stamp is up-to-date.
  Assembling F:\Hex_dominant_meshing\robust_hex_dominant_meshing\ext\tbb\src\tbb\intel64-masm\atomic_support.asm...
  Assembling F:\Hex_dominant_meshing\robust_hex_dominant_meshing\ext\tbb\src\tbb\intel64-masm\itsx.asm...
  Assembling F:\Hex_dominant_meshing\robust_hex_dominant_meshing\ext\tbb\src\tbb\intel64-masm\intel64_misc.asm...
  arena.cpp
  cache_aligned_allocator.cpp
  concurrent_hash_map.cpp
  concurrent_monitor.cpp
  concurrent_queue.cpp
  concurrent_vector.cpp
  condition_variable.cpp
  critical_section.cpp
  dynamic_link.cpp
  governor.cpp
  itt_notify.cpp
  market.cpp
  mutex.cpp
  observer_proxy.cpp
  pipeline.cpp
  private_server.cpp
  queuing_mutex.cpp
  queuing_rw_mutex.cpp
  reader_writer_lock.cpp
  recursive_mutex.cpp
  semaphore.cpp
  spin_mutex.cpp
  spin_rw_mutex.cpp
  task.cpp
  task_group_context.cpp
  tbb_main.cpp
  tbb_misc.cpp
  tbb_misc_ex.cpp
  tbb_statistics.cpp
  tbb_thread.cpp
  x86_rtm_rw_mutex.cpp
  concurrent_queue_v2.cpp
  concurrent_vector_v2.cpp
  spin_rw_mutex_v2.cpp
  task_v2.cpp
  rml_tbb.cpp
  scheduler.cpp
  tbb_static.vcxproj -> F:\Hex_dominant_meshing\robust_hex_dominant_meshing\build\ext_build\tbb\Release\tbb_static.lib
